mode: set
github.com/darcops/boletia/internal/infra/api/currency/handler.go:15.64,19.2 1 1
github.com/darcops/boletia/internal/infra/api/currency/handler.go:21.59,27.16 5 1
github.com/darcops/boletia/internal/infra/api/currency/handler.go:32.2,32.37 1 1
github.com/darcops/boletia/internal/infra/api/currency/handler.go:27.16,30.3 2 0
github.com/darcops/boletia/internal/infra/api/currency/routes.go:10.36,16.2 4 0
github.com/darcops/boletia/internal/infra/api/currency/routes.go:16.2,18.3 1 0
github.com/darcops/boletia/internal/pkg/service/currency/service.go:29.56,33.2 1 1
github.com/darcops/boletia/internal/pkg/service/currency/service.go:37.104,46.60 6 1
github.com/darcops/boletia/internal/pkg/service/currency/service.go:52.2,52.56 1 1
github.com/darcops/boletia/internal/pkg/service/currency/service.go:58.2,58.34 1 1
github.com/darcops/boletia/internal/pkg/service/currency/service.go:64.2,64.59 1 1
github.com/darcops/boletia/internal/pkg/service/currency/service.go:46.60,48.3 1 1
github.com/darcops/boletia/internal/pkg/service/currency/service.go:48.8,50.3 1 0
github.com/darcops/boletia/internal/pkg/service/currency/service.go:52.56,54.3 1 1
github.com/darcops/boletia/internal/pkg/service/currency/service.go:54.8,56.3 1 0
github.com/darcops/boletia/internal/pkg/service/currency/service.go:58.34,60.3 1 1
github.com/darcops/boletia/internal/pkg/service/currency/service.go:60.8,62.3 1 1
github.com/darcops/boletia/internal/pkg/service/currency/service.go:67.35,70.41 2 1
github.com/darcops/boletia/internal/pkg/service/currency/service.go:80.2,80.16 1 1
github.com/darcops/boletia/internal/pkg/service/currency/service.go:84.2,84.45 1 1
github.com/darcops/boletia/internal/pkg/service/currency/service.go:70.41,78.3 4 1
github.com/darcops/boletia/internal/pkg/service/currency/service.go:80.16,82.3 1 1
github.com/darcops/boletia/internal/pkg/service/currency/service.go:88.66,89.59 1 1
github.com/darcops/boletia/internal/pkg/service/currency/service.go:97.2,97.49 1 1
github.com/darcops/boletia/internal/pkg/service/currency/service.go:89.59,91.17 2 1
github.com/darcops/boletia/internal/pkg/service/currency/service.go:94.3,95.60 2 1
github.com/darcops/boletia/internal/pkg/service/currency/service.go:91.17,93.4 1 0
github.com/darcops/boletia/internal/pkg/service/currency/service.go:100.60,104.16 3 1
github.com/darcops/boletia/internal/pkg/service/currency/service.go:108.2,112.16 4 1
github.com/darcops/boletia/internal/pkg/service/currency/service.go:115.2,117.9 2 0
github.com/darcops/boletia/internal/pkg/service/currency/service.go:123.2,127.53 4 0
github.com/darcops/boletia/internal/pkg/service/currency/service.go:131.2,133.32 2 0
github.com/darcops/boletia/internal/pkg/service/currency/service.go:104.16,106.3 1 0
github.com/darcops/boletia/internal/pkg/service/currency/service.go:112.16,114.3 1 1
github.com/darcops/boletia/internal/pkg/service/currency/service.go:118.20,119.54 1 0
github.com/darcops/boletia/internal/pkg/service/currency/service.go:120.10,120.10 0 0
github.com/darcops/boletia/internal/pkg/service/currency/service.go:127.53,129.3 1 0
github.com/darcops/boletia/internal/pkg/service/currency/service.go:136.68,139.32 2 0
github.com/darcops/boletia/internal/pkg/service/currency/service.go:148.2,148.55 1 0
github.com/darcops/boletia/internal/pkg/service/currency/service.go:139.32,146.3 1 0
github.com/darcops/boletia/internal/pkg/service/currency/service.go:151.35,153.16 2 1
github.com/darcops/boletia/internal/pkg/service/currency/service.go:157.2,157.18 1 1
github.com/darcops/boletia/internal/pkg/service/currency/service.go:153.16,155.3 1 1
